Loading Phase A outputs …
  clips=299,180  K=124 clusters  noise=65,893
  train=284,221  test=14,959

Training SANFlow …
  device=cuda  dim=10  K_total=125  flows=6  hidden=128  epochs=100
    epoch   1/100  loss=918.6563  best=918.6563
    epoch  10/100  loss=-10.7252  best=-10.7252
    epoch  20/100  loss=-13.5766  best=-13.5766
    epoch  30/100  loss=-15.0203  best=-15.0203
    epoch  40/100  loss=-16.3722  best=-16.3722
    epoch  50/100  loss=-17.2311  best=-17.2311
    epoch  60/100  loss=-18.0682  best=-18.0682
    epoch  70/100  loss=-18.9215  best=-18.9215
    epoch  80/100  loss=-19.5445  best=-19.5445
    epoch  90/100  loss=-19.9262  best=-19.9262
    epoch 100/100  loss=-20.0647  best=-20.0647
  best loss=-20.0647
  elapsed: 858s

Evaluating …

  ── Test log-likelihood (data space) ──
     SANFlow (cluster NF) : -3.5848
     KDE baseline         : -5.0082
     ✓ PASS: SANFlow > KDE

Detecting gaps (top 200) …

  Top-10 gap clips:
  rank   log_dens   cluster  scenario
  ----  ---------   -------  --------
     1  -100551.148         2  cluster_2
     2  -54330.270         2  cluster_2
     3  -49807.078         2  cluster_2
     4  -49236.539         2  cluster_2
     5  -48191.707         2  cluster_2
     6  -47603.781         2  cluster_2
     7  -44718.340         2  cluster_2
     8  -43736.043         2  cluster_2
     9  -42164.055         2  cluster_2
    10  -42031.887         2  cluster_2

  gaps에서 noise 비율: 162/200 (81.0%)
  → model: /Data1/home/bskang/AVdata-distirbution/experiments/EXP-002/results/sanflow_model.pkl
  → gaps : /Data1/home/bskang/AVdata-distirbution/experiments/EXP-002/results/sanflow_gaps.json  (200 clips)
  → eval : /Data1/home/bskang/AVdata-distirbution/experiments/EXP-002/results/sanflow_eval.json
